Unity Editor version:    2020.3.27f1 (e759542391ea)
Branch:                  2020.3/release
Build type:              Release
Batch mode:              YES
macOS version:           Version 11.2.1 (Build 20D74)
Darwin version:          20.3.0
Architecture:            x86_64
Running under Rosetta:   NO
Available memory:        8192 MB
Using pre-set license
Pro License: NO

COMMAND LINE ARGUMENTS:
/Applications/2020.3.27f1/Unity.app/Contents/MacOS/Unity
-adb2
-batchMode
-noUpm
-name
AssetImportWorker0
-projectPath
/Users/teacher/Desktop/Pro type 2
-logFile
Logs/AssetImportWorker0.log
-srvPort
49929
Successfully changed project path to: /Users/teacher/Desktop/Pro type 2
/Users/teacher/Desktop/Pro type 2
Using Asset Import Pipeline V2.
Refreshing native plugins compatible for Editor in 32.53 ms, found 2 plugins.
Preloading 0 native plugins for Editor in 0.00 ms.
Initialize engine version: 2020.3.27f1 (e759542391ea)
[Subsystems] Discovering subsystems at path /Applications/2020.3.27f1/Unity.app/Contents/Resources/UnitySubsystems
[Subsystems] Discovering subsystems at path /Users/teacher/Desktop/Pro type 2/Assets
GfxDevice: creating device client; threaded=0
2024-10-11 12:23:18.211 Unity[2861:109547] iMac preferred device: AMD Radeon Pro 5300 (high power)
2024-10-11 12:23:18.211 Unity[2861:109547] Metal devices available: 1
2024-10-11 12:23:18.212 Unity[2861:109547] 0: AMD Radeon Pro 5300 (high power)
2024-10-11 12:23:18.212 Unity[2861:109547] Using device AMD Radeon Pro 5300 (high power)
Initializing Metal device caps: AMD Radeon Pro 5300
Initialize mono
Mono path[0] = '/Applications/2020.3.27f1/Unity.app/Contents/Managed'
Mono path[1] = '/Applications/2020.3.27f1/Unity.app/Contents/MonoBleedingEdge/lib/mono/unityjit'
Mono config path = '/Applications/2020.3.27f1/Unity.app/Contents/MonoBleedingEdge/etc'
Using monoOptions --debugger-agent=transport=dt_socket,embedding=1,server=y,suspend=n,address=127.0.0.1:56861
Begin MonoManager ReloadAssembly
Registering precompiled unity dll's ...
Register platform support module: /Applications/2020.3.27f1/Unity.app/Contents/PlaybackEngines/MacStandaloneSupport/UnityEditor.OSXStandalone.Extensions.dll
Registered in 0.002094 seconds.
Native extension for OSXStandalone target not found
Refreshing native plugins compatible for Editor in 25.63 ms, found 2 plugins.
Preloading 0 native plugins for Editor in 0.00 ms.
Mono: successfully reloaded assembly
- Completed reload, in  0.577 seconds
Domain Reload Profiling:
	ReloadAssembly (577ms)
		BeginReloadAssembly (53ms)
			ExecutionOrderSort (0ms)
			DisableScriptedObjects (0ms)
			BackupInstance (0ms)
			ReleaseScriptingObjects (0ms)
			CreateAndSetChildDomain (1ms)
		EndReloadAssembly (453ms)
			LoadAssemblies (53ms)
			RebuildTransferFunctionScriptingTraits (0ms)
			SetupTypeCache (169ms)
			ReleaseScriptCaches (0ms)
			RebuildScriptCaches (36ms)
			SetupLoadedEditorAssemblies (166ms)
				LogAssemblyErrors (0ms)
				InitializePlatformSupportModulesInManaged (4ms)
				SetLoadedEditorAssemblies (0ms)
				RefreshPlugins (26ms)
				BeforeProcessingInitializeOnLoad (8ms)
				ProcessInitializeOnLoadAttributes (99ms)
				ProcessInitializeOnLoadMethodAttributes (29ms)
				AfterProcessingInitializeOnLoad (0ms)
				EditorAssembliesLoaded (0ms)
			ExecutionOrderSort2 (0ms)
			AwakeInstancesAfterBackupRestoration (0ms)
Platform modules already initialized, skipping
Registering precompiled user dll's ...
Registered in 0.006302 seconds.
Begin MonoManager ReloadAssembly
Native extension for OSXStandalone target not found
Refreshing native plugins compatible for Editor in 0.31 ms, found 2 plugins.
Preloading 0 native plugins for Editor in 0.00 ms.
Mono: successfully reloaded assembly
- Completed reload, in  1.063 seconds
Domain Reload Profiling:
	ReloadAssembly (1063ms)
		BeginReloadAssembly (154ms)
			ExecutionOrderSort (0ms)
			DisableScriptedObjects (5ms)
			BackupInstance (0ms)
			ReleaseScriptingObjects (0ms)
			CreateAndSetChildDomain (31ms)
		EndReloadAssembly (847ms)
			LoadAssemblies (84ms)
			RebuildTransferFunctionScriptingTraits (0ms)
			SetupTypeCache (338ms)
			ReleaseScriptCaches (0ms)
			RebuildScriptCaches (49ms)
			SetupLoadedEditorAssemblies (273ms)
				LogAssemblyErrors (0ms)
				InitializePlatformSupportModulesInManaged (4ms)
				SetLoadedEditorAssemblies (1ms)
				RefreshPlugins (0ms)
				BeforeProcessingInitializeOnLoad (45ms)
				ProcessInitializeOnLoadAttributes (211ms)
				ProcessInitializeOnLoadMethodAttributes (11ms)
				AfterProcessingInitializeOnLoad (1ms)
				EditorAssembliesLoaded (0ms)
			ExecutionOrderSort2 (0ms)
			AwakeInstancesAfterBackupRestoration (6ms)
Platform modules already initialized, skipping
Validating Project structure ... 0.003048 seconds.
Shader import version has changed; will reimport all shaders...
Upgrading shader files ...0.002886 seconds.
Application.AssetDatabase Initial Script Refresh Start
RefreshInfo: InitialScriptRefreshV2(NoUpdateAssetOptions) scanfilter:  ... 1 filters
RefreshProfiler: Total: 0.000ms
Application.AssetDatabase Initial Script Refresh End
Application.AssetDatabase.Refresh Start
Application.AssetDatabase.Refresh End
RefreshInfo: StopAssetImportingV2(ForceSynchronousImport) scanfilter: 
RefreshProfiler: Total: 0.000ms
Launching external process: /Applications/2020.3.27f1/Unity.app/Contents/Tools/UnityShaderCompiler
Launched and connected shader compiler UnityShaderCompiler after 0.01 seconds
Initializing Unity extensions:
========================================================================
Worker process is ready to serve import requests
Refreshing native plugins compatible for Editor in 0.29 ms, found 2 plugins.
Preloading 0 native plugins for Editor in 0.00 ms.
Unloading 1508 Unused Serialized files (Serialized files now loaded: 0)
System memory in use before: 178.6 MB.
System memory in use after: 177.7 MB.

Unloading 80 unused Assets to reduce memory usage. Loaded Objects now: 1980.
Total: 2.755469 ms (FindLiveObjects: 0.124349 ms CreateObjectMapping: 0.044457 ms MarkObjects: 2.144297 ms  DeleteObjects: 0.441665 ms)

AssetImportParameters requested are different than current active one (requested -> active):
  custom:video-decoder-ogg-theora: a1e56fd34408186e4bbccfd4996cb3dc -> 
  custom:container-muxer-webm: aa71ff27fc2769a1b78a27578f13a17b -> 
  custom:container-demuxer-webm: 4f35f7cbe854078d1ac9338744f61a02 -> 
  custom:container-demuxer-ogg: 62fdf1f143b41e24485cea50d1cbac27 -> 
  custom:video-encoder-webm-vp8: eb34c28f22e8b96e1ab97ce403110664 -> 
  custom:framework-osx-AVFoundation: e770b220cccbd017edd2c1fefb359320 -> 
  custom:video-decoder-webm-vp8: 9c59270c3fd7afecdb556c50c9e8de78 -> 
  custom:audio-decoder-ogg-vorbis: bf7c407c2cedff20999df2af8eb42d56 -> 
  custom:audio-encoder-webm-vorbis: bf7c407c2cedff20999df2af8eb42d56 -> 
========================================================================
Received Import Request.
  path: Assets/Scripts/DestroyOutOfBonds.cs
  artifactKey: Guid(02f55327bdbf44ac58f1c06b111a5ebb) Importer(815301076,1909f56bfc062723c751e8b465ee728b)
Start importing Assets/Scripts/DestroyOutOfBonds.cs using Guid(02f55327bdbf44ac58f1c06b111a5ebb) Importer(815301076,1909f56bfc062723c751e8b465ee728b)  -> (artifact id: '9b3741bf6c62282c54c32b490c73721f') in 0.323500 seconds 
  Import took 0.329120 seconds .

========================================================================
Received Import Request.
  Time since last request: 30.956695 seconds.
  path: Assets/Scripts/SpawnManager.cs
  artifactKey: Guid(baa83ab180c5548f3bfb1fca57212cbb) Importer(815301076,1909f56bfc062723c751e8b465ee728b)
Start importing Assets/Scripts/SpawnManager.cs using Guid(baa83ab180c5548f3bfb1fca57212cbb) Importer(815301076,1909f56bfc062723c751e8b465ee728b)  -> (artifact id: 'c462b13a3bd1460fdd2d689aad88ce08') in 0.005556 seconds 
  Import took 0.008462 seconds .

========================================================================
Received Import Request.
  Time since last request: 929.980830 seconds.
  path: Assets/Scripts/SpawnManager.cs
  artifactKey: Guid(baa83ab180c5548f3bfb1fca57212cbb) Importer(815301076,1909f56bfc062723c751e8b465ee728b)
Start importing Assets/Scripts/SpawnManager.cs using Guid(baa83ab180c5548f3bfb1fca57212cbb) Importer(815301076,1909f56bfc062723c751e8b465ee728b)  -> (artifact id: '10c32df68e930fe028be6b5c9acf6020') in 0.002089 seconds 
  Import took 0.005086 seconds .

========================================================================
Received Import Request.
  Time since last request: 63.559519 seconds.
  path: Assets/Scripts/SpawnManager.cs
  artifactKey: Guid(baa83ab180c5548f3bfb1fca57212cbb) Importer(815301076,1909f56bfc062723c751e8b465ee728b)
Start importing Assets/Scripts/SpawnManager.cs using Guid(baa83ab180c5548f3bfb1fca57212cbb) Importer(815301076,1909f56bfc062723c751e8b465ee728b)  -> (artifact id: '88961a3af7d00509e2bb7b8c9f0fc78f') in 0.001999 seconds 
  Import took 0.004629 seconds .

========================================================================
Received Import Request.
  Time since last request: 18.064902 seconds.
  path: Assets/Scripts/SpawnManager.cs
  artifactKey: Guid(baa83ab180c5548f3bfb1fca57212cbb) Importer(815301076,1909f56bfc062723c751e8b465ee728b)
Start importing Assets/Scripts/SpawnManager.cs using Guid(baa83ab180c5548f3bfb1fca57212cbb) Importer(815301076,1909f56bfc062723c751e8b465ee728b)  -> (artifact id: 'cd8847e4b37cbb7a47073c4ffc29cb6c') in 0.001928 seconds 
  Import took 0.004594 seconds .

========================================================================
Received Import Request.
  Time since last request: 91.864134 seconds.
  path: Assets/Scripts/SpawnManager.cs
  artifactKey: Guid(baa83ab180c5548f3bfb1fca57212cbb) Importer(815301076,1909f56bfc062723c751e8b465ee728b)
Start importing Assets/Scripts/SpawnManager.cs using Guid(baa83ab180c5548f3bfb1fca57212cbb) Importer(815301076,1909f56bfc062723c751e8b465ee728b)  -> (artifact id: 'd5a841a52e557b3196509112f4bc31a6') in 0.001668 seconds 
  Import took 0.004324 seconds .

========================================================================
Received Prepare
Registering precompiled user dll's ...
Registered in 0.003466 seconds.
Begin MonoManager ReloadAssembly
Native extension for OSXStandalone target not found
Refreshing native plugins compatible for Editor in 0.31 ms, found 2 plugins.
Preloading 0 native plugins for Editor in 0.00 ms.
Mono: successfully reloaded assembly
- Completed reload, in  0.990 seconds
Domain Reload Profiling:
	ReloadAssembly (990ms)
		BeginReloadAssembly (120ms)
			ExecutionOrderSort (0ms)
			DisableScriptedObjects (5ms)
			BackupInstance (0ms)
			ReleaseScriptingObjects (0ms)
			CreateAndSetChildDomain (58ms)
		EndReloadAssembly (808ms)
			LoadAssemblies (71ms)
			RebuildTransferFunctionScriptingTraits (0ms)
			SetupTypeCache (306ms)
			ReleaseScriptCaches (1ms)
			RebuildScriptCaches (43ms)
			SetupLoadedEditorAssemblies (280ms)
				LogAssemblyErrors (0ms)
				InitializePlatformSupportModulesInManaged (4ms)
				SetLoadedEditorAssemblies (0ms)
				RefreshPlugins (0ms)
				BeforeProcessingInitializeOnLoad (80ms)
				ProcessInitializeOnLoadAttributes (186ms)
				ProcessInitializeOnLoadMethodAttributes (8ms)
				AfterProcessingInitializeOnLoad (1ms)
				EditorAssembliesLoaded (0ms)
			ExecutionOrderSort2 (0ms)
			AwakeInstancesAfterBackupRestoration (7ms)
Platform modules already initialized, skipping
Refreshing native plugins compatible for Editor in 0.31 ms, found 2 plugins.
Preloading 0 native plugins for Editor in 0.00 ms.
Unloading 1501 Unused Serialized files (Serialized files now loaded: 0)
System memory in use before: 183.4 MB.
System memory in use after: 183.5 MB.

Unloading 15 unused Assets to reduce memory usage. Loaded Objects now: 1983.
Total: 2.277185 ms (FindLiveObjects: 0.120414 ms CreateObjectMapping: 0.039738 ms MarkObjects: 2.105406 ms  DeleteObjects: 0.010997 ms)

AssetImportParameters requested are different than current active one (requested -> active):
  custom:video-decoder-ogg-theora: a1e56fd34408186e4bbccfd4996cb3dc -> 
  custom:container-muxer-webm: aa71ff27fc2769a1b78a27578f13a17b -> 
  custom:container-demuxer-webm: 4f35f7cbe854078d1ac9338744f61a02 -> 
  custom:container-demuxer-ogg: 62fdf1f143b41e24485cea50d1cbac27 -> 
  custom:video-encoder-webm-vp8: eb34c28f22e8b96e1ab97ce403110664 -> 
  custom:framework-osx-AVFoundation: e770b220cccbd017edd2c1fefb359320 -> 
  custom:video-decoder-webm-vp8: 9c59270c3fd7afecdb556c50c9e8de78 -> 
  custom:audio-decoder-ogg-vorbis: bf7c407c2cedff20999df2af8eb42d56 -> 
  custom:audio-encoder-webm-vorbis: bf7c407c2cedff20999df2af8eb42d56 -> 
========================================================================
Received Import Request.
  Time since last request: 67.401462 seconds.
  path: Assets/Scripts/SpawnManager.cs
  artifactKey: Guid(baa83ab180c5548f3bfb1fca57212cbb) Importer(815301076,1909f56bfc062723c751e8b465ee728b)
Start importing Assets/Scripts/SpawnManager.cs using Guid(baa83ab180c5548f3bfb1fca57212cbb) Importer(815301076,1909f56bfc062723c751e8b465ee728b)  -> (artifact id: '8a32c393c4e5c0f78d64098234be8991') in 0.003523 seconds 
  Import took 0.006227 seconds .

========================================================================
Received Prepare
Registering precompiled user dll's ...
Registered in 0.003615 seconds.
Begin MonoManager ReloadAssembly
Native extension for OSXStandalone target not found
Refreshing native plugins compatible for Editor in 0.31 ms, found 2 plugins.
Preloading 0 native plugins for Editor in 0.00 ms.
Mono: successfully reloaded assembly
- Completed reload, in  0.964 seconds
Domain Reload Profiling:
	ReloadAssembly (965ms)
		BeginReloadAssembly (109ms)
			ExecutionOrderSort (0ms)
			DisableScriptedObjects (4ms)
			BackupInstance (0ms)
			ReleaseScriptingObjects (0ms)
			CreateAndSetChildDomain (51ms)
		EndReloadAssembly (795ms)
			LoadAssemblies (67ms)
			RebuildTransferFunctionScriptingTraits (0ms)
			SetupTypeCache (299ms)
			ReleaseScriptCaches (1ms)
			RebuildScriptCaches (43ms)
			SetupLoadedEditorAssemblies (278ms)
				LogAssemblyErrors (0ms)
				InitializePlatformSupportModulesInManaged (4ms)
				SetLoadedEditorAssemblies (0ms)
				RefreshPlugins (0ms)
				BeforeProcessingInitializeOnLoad (78ms)
				ProcessInitializeOnLoadAttributes (186ms)
				ProcessInitializeOnLoadMethodAttributes (8ms)
				AfterProcessingInitializeOnLoad (1ms)
				EditorAssembliesLoaded (0ms)
			ExecutionOrderSort2 (0ms)
			AwakeInstancesAfterBackupRestoration (6ms)
Platform modules already initialized, skipping
Refreshing native plugins compatible for Editor in 0.48 ms, found 2 plugins.
Preloading 0 native plugins for Editor in 0.00 ms.
Unloading 1501 Unused Serialized files (Serialized files now loaded: 0)
System memory in use before: 183.5 MB.
System memory in use after: 183.7 MB.

Unloading 14 unused Assets to reduce memory usage. Loaded Objects now: 1985.
Total: 2.256042 ms (FindLiveObjects: 0.116633 ms CreateObjectMapping: 0.041827 ms MarkObjects: 2.085867 ms  DeleteObjects: 0.011027 ms)

AssetImportParameters requested are different than current active one (requested -> active):
  custom:video-decoder-ogg-theora: a1e56fd34408186e4bbccfd4996cb3dc -> 
  custom:container-muxer-webm: aa71ff27fc2769a1b78a27578f13a17b -> 
  custom:container-demuxer-webm: 4f35f7cbe854078d1ac9338744f61a02 -> 
  custom:container-demuxer-ogg: 62fdf1f143b41e24485cea50d1cbac27 -> 
  custom:video-encoder-webm-vp8: eb34c28f22e8b96e1ab97ce403110664 -> 
  custom:framework-osx-AVFoundation: e770b220cccbd017edd2c1fefb359320 -> 
  custom:video-decoder-webm-vp8: 9c59270c3fd7afecdb556c50c9e8de78 -> 
  custom:audio-decoder-ogg-vorbis: bf7c407c2cedff20999df2af8eb42d56 -> 
  custom:audio-encoder-webm-vorbis: bf7c407c2cedff20999df2af8eb42d56 -> 
========================================================================
Received Import Request.
  Time since last request: 44.402869 seconds.
  path: Assets/Prefabs/Animal_Chick.prefab
  artifactKey: Guid(e7036459c96674075929e7c1fddbcd04) Importer(815301076,1909f56bfc062723c751e8b465ee728b)
Start importing Assets/Prefabs/Animal_Chick.prefab using Guid(e7036459c96674075929e7c1fddbcd04) Importer(815301076,1909f56bfc062723c751e8b465ee728b)  -> (artifact id: '506ef09a1e6e9d00fd336e6fd2725479') in 1.035635 seconds 
  Import took 1.041493 seconds .

========================================================================
Received Prepare
Registering precompiled user dll's ...
Registered in 0.001807 seconds.
Begin MonoManager ReloadAssembly
Native extension for OSXStandalone target not found
Refreshing native plugins compatible for Editor in 0.31 ms, found 2 plugins.
Preloading 0 native plugins for Editor in 0.00 ms.
Mono: successfully reloaded assembly
- Completed reload, in  0.968 seconds
Domain Reload Profiling:
	ReloadAssembly (969ms)
		BeginReloadAssembly (107ms)
			ExecutionOrderSort (0ms)
			DisableScriptedObjects (4ms)
			BackupInstance (0ms)
			ReleaseScriptingObjects (0ms)
			CreateAndSetChildDomain (51ms)
		EndReloadAssembly (800ms)
			LoadAssemblies (67ms)
			RebuildTransferFunctionScriptingTraits (0ms)
			SetupTypeCache (300ms)
			ReleaseScriptCaches (1ms)
			RebuildScriptCaches (42ms)
			SetupLoadedEditorAssemblies (285ms)
				LogAssemblyErrors (0ms)
				InitializePlatformSupportModulesInManaged (4ms)
				SetLoadedEditorAssemblies (0ms)
				RefreshPlugins (0ms)
				BeforeProcessingInitializeOnLoad (83ms)
				ProcessInitializeOnLoadAttributes (188ms)
				ProcessInitializeOnLoadMethodAttributes (8ms)
				AfterProcessingInitializeOnLoad (1ms)
				EditorAssembliesLoaded (0ms)
			ExecutionOrderSort2 (0ms)
			AwakeInstancesAfterBackupRestoration (6ms)
Platform modules already initialized, skipping
Refreshing native plugins compatible for Editor in 0.34 ms, found 2 plugins.
Preloading 0 native plugins for Editor in 0.00 ms.
Unloading 1501 Unused Serialized files (Serialized files now loaded: 0)
System memory in use before: 201.8 MB.
System memory in use after: 201.9 MB.

Unloading 14 unused Assets to reduce memory usage. Loaded Objects now: 1994.
Total: 2.224724 ms (FindLiveObjects: 0.132491 ms CreateObjectMapping: 0.040990 ms MarkObjects: 2.039064 ms  DeleteObjects: 0.011606 ms)

AssetImportParameters requested are different than current active one (requested -> active):
  custom:video-decoder-ogg-theora: a1e56fd34408186e4bbccfd4996cb3dc -> 
  custom:container-muxer-webm: aa71ff27fc2769a1b78a27578f13a17b -> 
  custom:container-demuxer-webm: 4f35f7cbe854078d1ac9338744f61a02 -> 
  custom:container-demuxer-ogg: 62fdf1f143b41e24485cea50d1cbac27 -> 
  custom:video-encoder-webm-vp8: eb34c28f22e8b96e1ab97ce403110664 -> 
  custom:framework-osx-AVFoundation: e770b220cccbd017edd2c1fefb359320 -> 
  custom:video-decoder-webm-vp8: 9c59270c3fd7afecdb556c50c9e8de78 -> 
  custom:audio-decoder-ogg-vorbis: bf7c407c2cedff20999df2af8eb42d56 -> 
  custom:audio-encoder-webm-vorbis: bf7c407c2cedff20999df2af8eb42d56 -> 
========================================================================
Received Prepare
Registering precompiled user dll's ...
Registered in 0.003230 seconds.
Begin MonoManager ReloadAssembly
Native extension for OSXStandalone target not found
Refreshing native plugins compatible for Editor in 0.32 ms, found 2 plugins.
Preloading 0 native plugins for Editor in 0.00 ms.
Mono: successfully reloaded assembly
- Completed reload, in  0.986 seconds
Domain Reload Profiling:
	ReloadAssembly (987ms)
		BeginReloadAssembly (110ms)
			ExecutionOrderSort (0ms)
			DisableScriptedObjects (4ms)
			BackupInstance (0ms)
			ReleaseScriptingObjects (0ms)
			CreateAndSetChildDomain (55ms)
		EndReloadAssembly (815ms)
			LoadAssemblies (70ms)
			RebuildTransferFunctionScriptingTraits (0ms)
			SetupTypeCache (311ms)
			ReleaseScriptCaches (1ms)
			RebuildScriptCaches (42ms)
			SetupLoadedEditorAssemblies (281ms)
				LogAssemblyErrors (0ms)
				InitializePlatformSupportModulesInManaged (4ms)
				SetLoadedEditorAssemblies (0ms)
				RefreshPlugins (0ms)
				BeforeProcessingInitializeOnLoad (81ms)
				ProcessInitializeOnLoadAttributes (186ms)
				ProcessInitializeOnLoadMethodAttributes (8ms)
				AfterProcessingInitializeOnLoad (1ms)
				EditorAssembliesLoaded (0ms)
			ExecutionOrderSort2 (0ms)
			AwakeInstancesAfterBackupRestoration (6ms)
Platform modules already initialized, skipping
Refreshing native plugins compatible for Editor in 0.29 ms, found 2 plugins.
Preloading 0 native plugins for Editor in 0.00 ms.
Unloading 1501 Unused Serialized files (Serialized files now loaded: 0)
System memory in use before: 202.0 MB.
System memory in use after: 202.1 MB.

Unloading 14 unused Assets to reduce memory usage. Loaded Objects now: 1996.
Total: 2.501542 ms (FindLiveObjects: 0.196770 ms CreateObjectMapping: 0.059311 ms MarkObjects: 2.233215 ms  DeleteObjects: 0.011530 ms)

AssetImportParameters requested are different than current active one (requested -> active):
  custom:video-decoder-ogg-theora: a1e56fd34408186e4bbccfd4996cb3dc -> 
  custom:container-muxer-webm: aa71ff27fc2769a1b78a27578f13a17b -> 
  custom:container-demuxer-webm: 4f35f7cbe854078d1ac9338744f61a02 -> 
  custom:container-demuxer-ogg: 62fdf1f143b41e24485cea50d1cbac27 -> 
  custom:video-encoder-webm-vp8: eb34c28f22e8b96e1ab97ce403110664 -> 
  custom:framework-osx-AVFoundation: e770b220cccbd017edd2c1fefb359320 -> 
  custom:video-decoder-webm-vp8: 9c59270c3fd7afecdb556c50c9e8de78 -> 
  custom:audio-decoder-ogg-vorbis: bf7c407c2cedff20999df2af8eb42d56 -> 
  custom:audio-encoder-webm-vorbis: bf7c407c2cedff20999df2af8eb42d56 -> 
========================================================================
Received Import Request.
  Time since last request: 651.889345 seconds.
  path: Assets/Scripts/SpawnManager.cs
  artifactKey: Guid(baa83ab180c5548f3bfb1fca57212cbb) Importer(815301076,1909f56bfc062723c751e8b465ee728b)
Start importing Assets/Scripts/SpawnManager.cs using Guid(baa83ab180c5548f3bfb1fca57212cbb) Importer(815301076,1909f56bfc062723c751e8b465ee728b)  -> (artifact id: '98dc49cb9ff74a00cb9905ac1f820971') in 0.004639 seconds 
  Import took 0.008371 seconds .

========================================================================
Received Import Request.
  Time since last request: 70.838708 seconds.
  path: Assets/Prefabs/Animal_Chick.prefab
  artifactKey: Guid(e7036459c96674075929e7c1fddbcd04) Importer(815301076,1909f56bfc062723c751e8b465ee728b)
Start importing Assets/Prefabs/Animal_Chick.prefab using Guid(e7036459c96674075929e7c1fddbcd04) Importer(815301076,1909f56bfc062723c751e8b465ee728b)  -> (artifact id: '39bd14292866326aee356812ac37becb') in 0.057065 seconds 
  Import took 0.060113 seconds .

========================================================================
Received Import Request.
  Time since last request: 5.664039 seconds.
  path: Assets/Prefabs/Animal_Cow_White.prefab
  artifactKey: Guid(97d0f8490ae8542c2b501b91e1344a6f) Importer(815301076,1909f56bfc062723c751e8b465ee728b)
Start importing Assets/Prefabs/Animal_Cow_White.prefab using Guid(97d0f8490ae8542c2b501b91e1344a6f) Importer(815301076,1909f56bfc062723c751e8b465ee728b)  -> (artifact id: 'd4384cb30928088e03f5e22f9e67b73c') in 0.019615 seconds 
  Import took 0.022567 seconds .

========================================================================
Received Import Request.
  Time since last request: 2.735306 seconds.
  path: Assets/Prefabs/Animal_Horse_Black.prefab
  artifactKey: Guid(4de3c03ccca914259a6a0b1996093d00) Importer(815301076,1909f56bfc062723c751e8b465ee728b)
Start importing Assets/Prefabs/Animal_Horse_Black.prefab using Guid(4de3c03ccca914259a6a0b1996093d00) Importer(815301076,1909f56bfc062723c751e8b465ee728b)  -> (artifact id: '0ede0f0d42432586c7344e0aedfdafb1') in 0.021072 seconds 
  Import took 0.024315 seconds .

========================================================================
Received Import Request.
  Time since last request: 3.332416 seconds.
  path: Assets/Prefabs/Animal_Rooster_Brown.prefab
  artifactKey: Guid(aa2914c2ad7694e4693a9f7914d852e0) Importer(815301076,1909f56bfc062723c751e8b465ee728b)
Start importing Assets/Prefabs/Animal_Rooster_Brown.prefab using Guid(aa2914c2ad7694e4693a9f7914d852e0) Importer(815301076,1909f56bfc062723c751e8b465ee728b)  -> (artifact id: 'd733bf0ed2a8f12eef7c2315423a80a4') in 0.016405 seconds 
  Import took 0.019447 seconds .

========================================================================
Received Import Request.
  Time since last request: 6.531069 seconds.
  path: Assets/Prefabs/Animal_Chick.prefab
  artifactKey: Guid(e7036459c96674075929e7c1fddbcd04) Importer(815301076,1909f56bfc062723c751e8b465ee728b)
Start importing Assets/Prefabs/Animal_Chick.prefab using Guid(e7036459c96674075929e7c1fddbcd04) Importer(815301076,1909f56bfc062723c751e8b465ee728b)  -> (artifact id: 'ad93642b3a6c664f1c291a6771bf2f55') in 0.010615 seconds 
  Import took 0.013508 seconds .

========================================================================
Received Import Request.
  Time since last request: 4.237411 seconds.
  path: Assets/Prefabs/Animal_Cow_White.prefab
  artifactKey: Guid(97d0f8490ae8542c2b501b91e1344a6f) Importer(815301076,1909f56bfc062723c751e8b465ee728b)
Start importing Assets/Prefabs/Animal_Cow_White.prefab using Guid(97d0f8490ae8542c2b501b91e1344a6f) Importer(815301076,1909f56bfc062723c751e8b465ee728b)  -> (artifact id: '3c677e9d71318c51efc997a2ecc6e4e1') in 0.012956 seconds 
  Import took 0.016347 seconds .

========================================================================
Received Import Request.
  Time since last request: 2.769733 seconds.
  path: Assets/Prefabs/Animal_Horse_Black.prefab
  artifactKey: Guid(4de3c03ccca914259a6a0b1996093d00) Importer(815301076,1909f56bfc062723c751e8b465ee728b)
Start importing Assets/Prefabs/Animal_Horse_Black.prefab using Guid(4de3c03ccca914259a6a0b1996093d00) Importer(815301076,1909f56bfc062723c751e8b465ee728b)  -> (artifact id: 'a634293bc701b249ac8f10de9b7d2710') in 0.013134 seconds 
  Import took 0.016378 seconds .

========================================================================
Received Import Request.
  Time since last request: 2.756753 seconds.
  path: Assets/Prefabs/Animal_Rooster_Brown.prefab
  artifactKey: Guid(aa2914c2ad7694e4693a9f7914d852e0) Importer(815301076,1909f56bfc062723c751e8b465ee728b)
Start importing Assets/Prefabs/Animal_Rooster_Brown.prefab using Guid(aa2914c2ad7694e4693a9f7914d852e0) Importer(815301076,1909f56bfc062723c751e8b465ee728b)  -> (artifact id: '3b166a8691d18fc018351e024d958ed3') in 0.013563 seconds 
  Import took 0.016617 seconds .

========================================================================
Received Import Request.
  Time since last request: 78.866218 seconds.
  path: Assets/Scripts/NewBehaviourScript.cs
  artifactKey: Guid(c8516cfe73d5e4974bd502bacbd5d0fe) Importer(815301076,1909f56bfc062723c751e8b465ee728b)
Start importing Assets/Scripts/NewBehaviourScript.cs using Guid(c8516cfe73d5e4974bd502bacbd5d0fe) Importer(815301076,1909f56bfc062723c751e8b465ee728b)  -> (artifact id: 'df1f6f2fd0a1a5b573c21476cdbf1a6f') in 0.003199 seconds 
  Import took 0.006059 seconds .

========================================================================
Received Import Request.
  Time since last request: 21.115968 seconds.
  path: Assets/Scripts/DetectCollisio s.cs
  artifactKey: Guid(c8516cfe73d5e4974bd502bacbd5d0fe) Importer(815301076,1909f56bfc062723c751e8b465ee728b)
Start importing Assets/Scripts/DetectCollisio s.cs using Guid(c8516cfe73d5e4974bd502bacbd5d0fe) Importer(815301076,1909f56bfc062723c751e8b465ee728b)  -> (artifact id: '3610293361b9cfd0e30ed5a6f4782f68') in 0.002089 seconds 
  Import took 0.004722 seconds .

========================================================================
Received Import Request.
  Time since last request: 308.880477 seconds.
  path: Assets/Scripts/DetectCollisio s.cs
  artifactKey: Guid(c8516cfe73d5e4974bd502bacbd5d0fe) Importer(815301076,1909f56bfc062723c751e8b465ee728b)
Start importing Assets/Scripts/DetectCollisio s.cs using Guid(c8516cfe73d5e4974bd502bacbd5d0fe) Importer(815301076,1909f56bfc062723c751e8b465ee728b)  -> (artifact id: '914f41ef39144b914c51cf8d575228c4') in 0.001632 seconds 
  Import took 0.004581 seconds .

========================================================================
Received Import Request.
  Time since last request: 92.454317 seconds.
  path: Assets/Scripts/DetectCollisio s.cs
  artifactKey: Guid(c8516cfe73d5e4974bd502bacbd5d0fe) Importer(815301076,1909f56bfc062723c751e8b465ee728b)
Start importing Assets/Scripts/DetectCollisio s.cs using Guid(c8516cfe73d5e4974bd502bacbd5d0fe) Importer(815301076,1909f56bfc062723c751e8b465ee728b)  -> (artifact id: 'b3f28e9e039409ee49d4c1c63634b845') in 0.001706 seconds 
  Import took 0.004464 seconds .

========================================================================
Received Import Request.
  Time since last request: 195.755070 seconds.
  path: Assets/Scripts/DestroyOutOfBonds.cs
  artifactKey: Guid(02f55327bdbf44ac58f1c06b111a5ebb) Importer(815301076,1909f56bfc062723c751e8b465ee728b)
Start importing Assets/Scripts/DestroyOutOfBonds.cs using Guid(02f55327bdbf44ac58f1c06b111a5ebb) Importer(815301076,1909f56bfc062723c751e8b465ee728b)  -> (artifact id: '497ad972df14f716d77c10c9332e771a') in 0.002012 seconds 
  Import took 0.004833 seconds .

========================================================================
Received Import Request.
  Time since last request: 186.756470 seconds.
  path: Assets/Scripts/DetectCollisio s.cs
  artifactKey: Guid(c8516cfe73d5e4974bd502bacbd5d0fe) Importer(815301076,1909f56bfc062723c751e8b465ee728b)
Start importing Assets/Scripts/DetectCollisio s.cs using Guid(c8516cfe73d5e4974bd502bacbd5d0fe) Importer(815301076,1909f56bfc062723c751e8b465ee728b)  -> (artifact id: '91ce1036e04a76a2e3e23c3a9afb3e43') in 0.001931 seconds 
  Import took 0.004265 seconds .

========================================================================
Received Import Request.
  Time since last request: 34.963876 seconds.
  path: Assets/Scripts/Detect.cs
  artifactKey: Guid(c8516cfe73d5e4974bd502bacbd5d0fe) Importer(815301076,1909f56bfc062723c751e8b465ee728b)
Start importing Assets/Scripts/Detect.cs using Guid(c8516cfe73d5e4974bd502bacbd5d0fe) Importer(815301076,1909f56bfc062723c751e8b465ee728b)  -> (artifact id: 'cabacd7d16f0558f415f5dce985e0712') in 0.002246 seconds 
  Import took 0.005624 seconds .

========================================================================
Received Import Request.
  Time since last request: 44.141389 seconds.
  path: Assets/Scripts/DetectCollisions.cs
  artifactKey: Guid(c8516cfe73d5e4974bd502bacbd5d0fe) Importer(815301076,1909f56bfc062723c751e8b465ee728b)
Start importing Assets/Scripts/DetectCollisions.cs using Guid(c8516cfe73d5e4974bd502bacbd5d0fe) Importer(815301076,1909f56bfc062723c751e8b465ee728b)  -> (artifact id: '0847fc5e9e87b721eb1c9b2bd83d66ad') in 0.002358 seconds 
  Import took 0.005339 seconds .

========================================================================
Received Import Request.
  Time since last request: 18.228831 seconds.
  path: Assets/Scripts/DestroyOutOfBonds.cs
  artifactKey: Guid(02f55327bdbf44ac58f1c06b111a5ebb) Importer(815301076,1909f56bfc062723c751e8b465ee728b)
Start importing Assets/Scripts/DestroyOutOfBonds.cs using Guid(02f55327bdbf44ac58f1c06b111a5ebb) Importer(815301076,1909f56bfc062723c751e8b465ee728b)  -> (artifact id: 'd36aab0547368a24836bbb538cb14f6d') in 0.001591 seconds 
  Import took 0.004323 seconds .

========================================================================
Received Import Request.
  Time since last request: 57.513304 seconds.
  path: Assets/Scripts/DetectCollisios.cs
  artifactKey: Guid(c8516cfe73d5e4974bd502bacbd5d0fe) Importer(815301076,1909f56bfc062723c751e8b465ee728b)
Start importing Assets/Scripts/DetectCollisios.cs using Guid(c8516cfe73d5e4974bd502bacbd5d0fe) Importer(815301076,1909f56bfc062723c751e8b465ee728b)  -> (artifact id: '134a56a424eba52fc90bf2ca93ac0e5d') in 0.001861 seconds 
  Import took 0.004464 seconds .

========================================================================
Received Import Request.
  Time since last request: 97.909537 seconds.
  path: Assets/Scripts/DestroyOutOfBonds.cs
  artifactKey: Guid(02f55327bdbf44ac58f1c06b111a5ebb) Importer(815301076,1909f56bfc062723c751e8b465ee728b)
Start importing Assets/Scripts/DestroyOutOfBonds.cs using Guid(02f55327bdbf44ac58f1c06b111a5ebb) Importer(815301076,1909f56bfc062723c751e8b465ee728b)  -> (artifact id: 'a110550f8c3fa36a78ab8d4ab111cbcb') in 0.001677 seconds 
  Import took 0.004188 seconds .

========================================================================
Received Prepare
Registering precompiled user dll's ...
Registered in 0.003799 seconds.
Begin MonoManager ReloadAssembly
Native extension for OSXStandalone target not found
Refreshing native plugins compatible for Editor in 0.34 ms, found 2 plugins.
Preloading 0 native plugins for Editor in 0.00 ms.
Mono: successfully reloaded assembly
- Completed reload, in  1.061 seconds
Domain Reload Profiling:
	ReloadAssembly (1062ms)
		BeginReloadAssembly (166ms)
			ExecutionOrderSort (0ms)
			DisableScriptedObjects (7ms)
			BackupInstance (0ms)
			ReleaseScriptingObjects (0ms)
			CreateAndSetChildDomain (85ms)
		EndReloadAssembly (834ms)
			LoadAssemblies (84ms)
			RebuildTransferFunctionScriptingTraits (0ms)
			SetupTypeCache (316ms)
			ReleaseScriptCaches (1ms)
			RebuildScriptCaches (44ms)
			SetupLoadedEditorAssemblies (291ms)
				LogAssemblyErrors (0ms)
				InitializePlatformSupportModulesInManaged (4ms)
				SetLoadedEditorAssemblies (1ms)
				RefreshPlugins (0ms)
				BeforeProcessingInitializeOnLoad (84ms)
				ProcessInitializeOnLoadAttributes (192ms)
				ProcessInitializeOnLoadMethodAttributes (8ms)
				AfterProcessingInitializeOnLoad (1ms)
				EditorAssembliesLoaded (0ms)
			ExecutionOrderSort2 (0ms)
			AwakeInstancesAfterBackupRestoration (7ms)
Platform modules already initialized, skipping
Refreshing native plugins compatible for Editor in 0.31 ms, found 2 plugins.
Preloading 0 native plugins for Editor in 0.00 ms.
Unloading 1502 Unused Serialized files (Serialized files now loaded: 0)
System memory in use before: 202.4 MB.
System memory in use after: 202.5 MB.

Unloading 14 unused Assets to reduce memory usage. Loaded Objects now: 2000.
Total: 2.349807 ms (FindLiveObjects: 0.156210 ms CreateObjectMapping: 0.043284 ms MarkObjects: 2.122395 ms  DeleteObjects: 0.027293 ms)

AssetImportParameters requested are different than current active one (requested -> active):
  custom:video-decoder-ogg-theora: a1e56fd34408186e4bbccfd4996cb3dc -> 
  custom:container-muxer-webm: aa71ff27fc2769a1b78a27578f13a17b -> 
  custom:container-demuxer-webm: 4f35f7cbe854078d1ac9338744f61a02 -> 
  custom:container-demuxer-ogg: 62fdf1f143b41e24485cea50d1cbac27 -> 
  custom:video-encoder-webm-vp8: eb34c28f22e8b96e1ab97ce403110664 -> 
  custom:framework-osx-AVFoundation: e770b220cccbd017edd2c1fefb359320 -> 
  custom:video-decoder-webm-vp8: 9c59270c3fd7afecdb556c50c9e8de78 -> 
  custom:audio-decoder-ogg-vorbis: bf7c407c2cedff20999df2af8eb42d56 -> 
  custom:audio-encoder-webm-vorbis: bf7c407c2cedff20999df2af8eb42d56 -> 
========================================================================
Received Prepare
Registering precompiled user dll's ...
Registered in 0.002677 seconds.
Begin MonoManager ReloadAssembly
Native extension for OSXStandalone target not found
Refreshing native plugins compatible for Editor in 0.31 ms, found 2 plugins.
Preloading 0 native plugins for Editor in 0.00 ms.
Mono: successfully reloaded assembly
- Completed reload, in  0.997 seconds
Domain Reload Profiling:
	ReloadAssembly (998ms)
		BeginReloadAssembly (122ms)
			ExecutionOrderSort (0ms)
			DisableScriptedObjects (5ms)
			BackupInstance (0ms)
			ReleaseScriptingObjects (0ms)
			CreateAndSetChildDomain (60ms)
		EndReloadAssembly (814ms)
			LoadAssemblies (71ms)
			RebuildTransferFunctionScriptingTraits (0ms)
			SetupTypeCache (306ms)
			ReleaseScriptCaches (1ms)
			RebuildScriptCaches (43ms)
			SetupLoadedEditorAssemblies (288ms)
				LogAssemblyErrors (0ms)
				InitializePlatformSupportModulesInManaged (4ms)
				SetLoadedEditorAssemblies (0ms)
				RefreshPlugins (0ms)
				BeforeProcessingInitializeOnLoad (80ms)
				ProcessInitializeOnLoadAttributes (194ms)
				ProcessInitializeOnLoadMethodAttributes (8ms)
				AfterProcessingInitializeOnLoad (1ms)
				EditorAssembliesLoaded (0ms)
			ExecutionOrderSort2 (0ms)
			AwakeInstancesAfterBackupRestoration (6ms)
Platform modules already initialized, skipping
Refreshing native plugins compatible for Editor in 0.31 ms, found 2 plugins.
Preloading 0 native plugins for Editor in 0.00 ms.
Unloading 1502 Unused Serialized files (Serialized files now loaded: 0)
System memory in use before: 202.6 MB.
System memory in use after: 202.7 MB.

Unloading 14 unused Assets to reduce memory usage. Loaded Objects now: 2002.
Total: 2.503067 ms (FindLiveObjects: 0.116821 ms CreateObjectMapping: 0.040547 ms MarkObjects: 2.333578 ms  DeleteObjects: 0.011599 ms)

AssetImportParameters requested are different than current active one (requested -> active):
  custom:video-decoder-ogg-theora: a1e56fd34408186e4bbccfd4996cb3dc -> 
  custom:container-muxer-webm: aa71ff27fc2769a1b78a27578f13a17b -> 
  custom:container-demuxer-webm: 4f35f7cbe854078d1ac9338744f61a02 -> 
  custom:container-demuxer-ogg: 62fdf1f143b41e24485cea50d1cbac27 -> 
  custom:video-encoder-webm-vp8: eb34c28f22e8b96e1ab97ce403110664 -> 
  custom:framework-osx-AVFoundation: e770b220cccbd017edd2c1fefb359320 -> 
  custom:video-decoder-webm-vp8: 9c59270c3fd7afecdb556c50c9e8de78 -> 
  custom:audio-decoder-ogg-vorbis: bf7c407c2cedff20999df2af8eb42d56 -> 
  custom:audio-encoder-webm-vorbis: bf7c407c2cedff20999df2af8eb42d56 -> 
